<?xml version="1.0" encoding="UTF-8"?>
<!-- Generated by org.testng.reporters.JUnitXMLReporter -->
<testsuite ignored="0" hostname="LAPTOP-4AUR2A3N" failures="0" tests="5" name="Test" time="48.006" errors="0" timestamp="2023-07-09T15:59:17 IST">
  <testcase classname="dockerTestNG.ChromeTest2" name="title" time="11.141"/>
  <testcase classname="dockerTestNG.EdgeTest" name="title" time="12.893"/>
  <testcase classname="dockerTestNG.ChromeTest3" name="title" time="18.5"/>
  <testcase classname="dockerTestNG.firefoxTest" name="title" time="20.083"/>
  <testcase classname="dockerTestNG.ChromeTest1" name="title" time="25.816"/>
</testsuite> <!-- Test -->
